Arguments: 
  C:\Program Files\nodejs\node.exe C:\Program Files (x86)\Yarn\bin\yarn.js init

PATH: 
  C:\Users\deunn\bin;C:\Program Files\Git\mingw64\bin;C:\Program Files\Git\usr\local\bin;C:\Program Files\Git\usr\bin;C:\Program Files\Git\usr\bin;C:\Program Files\Git\mingw64\bin;C:\Program Files\Git\usr\bin;C:\Users\deunn\bin;C:\VulkanSDK\1.0.49.0\Bin;C:\ProgramData\Oracle\Java\javapath;C:\Windows\system32;C:\Windows;C:\Windows\System32\Wbem;C:\Windows\System32\WindowsPowerShell\v1.0;C:\TDM-GCC-64\bin;C:\Program Files\nodejs;C:\Program Files (x86)\Yarn\bin;C:\Program Files\Git\cmd;C:\Users\deunn\AppData\Local\Microsoft\WindowsApps;C:\Users\deunn\AppData\Local\Google\Cloud SDK\google-cloud-sdk\bin;C:\Program Files (x86)\Microsoft VS Code\bin;C:\Users\deunn\AppData\Roaming\npm;C:\Users\deunn\AppData\Local\Yarn\bin;C:\Program Files\Git\usr\bin\vendor_perl;C:\Program Files\Git\usr\bin\core_perl

Yarn version: 
  0.24.6

Node version: 
  8.1.0

Platform: 
  win32 x64

npm manifest: 
  No manifest

yarn manifest: 
  No manifest

Lockfile: 
  No lockfile

Trace: 
  Error: Can't answer a question unless a user TTY
      at ConsoleReporter.question (C:\Program Files (x86)\Yarn\lib\yarn-cli.js:78027:59)
      at Object.<anonymous> (C:\Program Files (x86)\Yarn\lib\yarn-cli.js:73818:38)
      at Generator.next (<anonymous>)
      at step (C:\Program Files (x86)\Yarn\lib\yarn-cli.js:91:30)
      at C:\Program Files (x86)\Yarn\lib\yarn-cli.js:102:13
      at <anonymous>
      at process._tickCallback (internal/process/next_tick.js:169:7)
